#-----------------#
2024-04-17_20.46.02 - PID 19736 - THR 23620
Attempting to use app logger after it has been deleted.

#-----------------#
2024-04-17_20.46.02 - PID 19736 - THR 23620
Attempting to use app logger after it has been deleted.

#-----------------#
2024-04-17_20.46.02 - PID 19736 - THR 23620
Attempting to use app logger after it has been deleted.

#-----------------#
2024-04-17_20.46.13 - PID 15080 - THR 20424
MemHeap forced to use malloc

#-----------------#
2024-04-17_20.46.13 - PID 15080 - THR 20424
System started

#-----------------#
2024-04-17_23.21.26 - PID 15080 - THR 24668
Attempting to use app logger after it has been deleted.

#-----------------#
2024-04-17_23.21.26 - PID 15080 - THR 24668
Attempting to use app logger after it has been deleted.

#-----------------#
2024-04-17_23.21.26 - PID 15080 - THR 24668
Attempting to use app logger after it has been deleted.

